<?xml version="1.0" encoding="UTF-8"?>
<!-- Generated by org.testng.reporters.JUnitReportReporter -->
<testsuite hostname="Viveks-Air" failures="0" tests="3" name="com.ae.testSuite.UserSignUpTest" time="65.490" errors="0" timestamp="2024-09-16T16:41:50 CEST" skipped="0">
  <testcase classname="com.ae.testSuite.UserSignUpTest" name="test00ValidateHomePageDisplayedAndNaviageteToSignUpPage" time="19.956"/>
  <testcase classname="com.ae.testSuite.UserSignUpTest" name="test01ValidateSignUpPageAndSignUpWithCorrectData" time="14.525"/>
  <testcase classname="com.ae.testSuite.UserSignUpTest" name="test02FillTheDataAndClickSignUp" time="31.009"/>
</testsuite> <!-- com.ae.testSuite.UserSignUpTest -->
